<?xml version="1.0" encoding="UTF-8"?>
<testng-results ignored="0" total="2" passed="2" failed="0" skipped="0">
  <reporter-output>
  </reporter-output>
  <suite started-at="2019-02-17T15:28:05Z" name="Default suite" finished-at="2019-02-17T15:28:12Z" duration-ms="7174">
    <groups>
    </groups>
    <test started-at="2019-02-17T15:28:05Z" name="Default test" finished-at="2019-02-17T15:28:12Z" duration-ms="7174">
      <class name="RestAssuredFramewok.RestAssuredFramewok.GetRequest">
        <test-method signature="TestBodydata()[pri:0, instance:RestAssuredFramewok.RestAssuredFramewok.GetRequest@37883b97]" started-at="2019-02-17T15:28:05Z" name="TestBodydata" finished-at="2019-02-17T15:28:10Z" duration-ms="5745" status="PASS">
          <reporter-output>
          </reporter-output>
        </test-method> <!-- TestBodydata -->
        <test-method signature="testResponseCode()[pri:0, instance:RestAssuredFramewok.RestAssuredFramewok.GetRequest@37883b97]" started-at="2019-02-17T15:28:10Z" name="testResponseCode" finished-at="2019-02-17T15:28:12Z" duration-ms="1389" status="PASS">
          <reporter-output>
          </reporter-output>
        </test-method> <!-- testResponseCode -->
      </class> <!-- RestAssuredFramewok.RestAssuredFramewok.GetRequest -->
    </test> <!-- Default test -->
  </suite> <!-- Default suite -->
</testng-results>
