<?xml version="1.0" encoding="UTF-8"?>
<!-- Generated by org.testng.reporters.JUnitXMLReporter -->
<testsuite ignored="0" hostname="NIkhil-Boriwale.local" failures="0" tests="2" name="Default test" time="7.174" errors="0" timestamp="17 Feb 2019 15:28:12 GMT">
  <testcase classname="RestAssuredFramewok.RestAssuredFramewok.GetRequest" name="TestBodydata" time="5.745"/>
  <testcase classname="RestAssuredFramewok.RestAssuredFramewok.GetRequest" name="testResponseCode" time="1.389"/>
</testsuite> <!-- Default test -->
